0 info it worked if it ends with ok
1 verbose cli [ 'node', '/usr/local/bin/npm', 'install', '-g', 'bower' ]
2 info using npm@1.4.14
3 info using node@v0.10.29
4 verbose cache add [ 'bower', null ]
5 verbose cache add name=undefined spec="bower" args=["bower",null]
6 verbose parsed url { protocol: null,
6 verbose parsed url   slashes: null,
6 verbose parsed url   auth: null,
6 verbose parsed url   host: null,
6 verbose parsed url   port: null,
6 verbose parsed url   hostname: null,
6 verbose parsed url   hash: null,
6 verbose parsed url   search: null,
6 verbose parsed url   query: null,
6 verbose parsed url   pathname: 'bower',
6 verbose parsed url   path: 'bower',
6 verbose parsed url   href: 'bower' }
7 silly lockFile 206e3ce5-bower bower
8 verbose lock bower /Users/mak/.npm/206e3ce5-bower.lock
9 silly lockFile 206e3ce5-bower bower
10 silly lockFile 206e3ce5-bower bower
11 verbose addNamed [ 'bower', '' ]
12 verbose addNamed [ null, '*' ]
13 silly lockFile 1240aab1-bower bower@
14 verbose lock bower@ /Users/mak/.npm/1240aab1-bower.lock
15 silly addNameRange { name: 'bower', range: '*', hasData: false }
16 verbose url raw bower
17 verbose url resolving [ 'https://registry.npmjs.org/', './bower' ]
18 verbose url resolved https://registry.npmjs.org/bower
19 info trying registry request attempt 1 at 16:10:26
20 http GET https://registry.npmjs.org/bower
21 http 200 https://registry.npmjs.org/bower
22 silly registry.get cb [ 200,
22 silly registry.get   { server: 'CouchDB/1.5.0 (Erlang OTP/R16B03)',
22 silly registry.get     etag: '"1AKVYVYK36FUNTO2W7B3IWWFY"',
22 silly registry.get     'content-type': 'application/json',
22 silly registry.get     'cache-control': 'max-age=300',
22 silly registry.get     'content-length': '169422',
22 silly registry.get     'accept-ranges': 'bytes',
22 silly registry.get     date: 'Sun, 20 Mar 2016 14:10:27 GMT',
22 silly registry.get     via: '1.1 varnish',
22 silly registry.get     age: '25',
22 silly registry.get     connection: 'keep-alive',
22 silly registry.get     'x-served-by': 'cache-fra1232-FRA',
22 silly registry.get     'x-cache': 'HIT',
22 silly registry.get     'x-cache-hits': '1',
22 silly registry.get     'x-timer': 'S1458483027.214921,VS0,VE3',
22 silly registry.get     vary: 'Accept' } ]
23 silly addNameRange number 2 { name: 'bower', range: '*', hasData: true }
24 silly addNameRange versions [ 'bower',
24 silly addNameRange   [ '0.1.0',
24 silly addNameRange     '0.1.2',
24 silly addNameRange     '0.1.3',
24 silly addNameRange     '0.2.0',
24 silly addNameRange     '0.3.0',
24 silly addNameRange     '0.3.1',
24 silly addNameRange     '0.3.2',
24 silly addNameRange     '0.4.0',
24 silly addNameRange     '0.5.0',
24 silly addNameRange     '0.5.1',
24 silly addNameRange     '0.6.0',
24 silly addNameRange     '0.6.1',
24 silly addNameRange     '0.6.2',
24 silly addNameRange     '0.6.3',
24 silly addNameRange     '0.6.4',
24 silly addNameRange     '0.6.5',
24 silly addNameRange     '0.6.6',
24 silly addNameRange     '0.6.7',
24 silly addNameRange     '0.6.8',
24 silly addNameRange     '0.7.0',
24 silly addNameRange     '0.7.1',
24 silly addNameRange     '0.8.0',
24 silly addNameRange     '0.8.1',
24 silly addNameRange     '0.8.2',
24 silly addNameRange     '0.8.3',
24 silly addNameRange     '0.8.4',
24 silly addNameRange     '0.8.5',
24 silly addNameRange     '0.8.6',
24 silly addNameRange     '0.9.0',
24 silly addNameRange     '0.9.1',
24 silly addNameRange     '0.9.2',
24 silly addNameRange     '0.10.0',
24 silly addNameRange     '1.0.0',
24 silly addNameRange     '1.0.1',
24 silly addNameRange     '1.0.2',
24 silly addNameRange     '1.0.3',
24 silly addNameRange     '1.1.0',
24 silly addNameRange     '1.1.1',
24 silly addNameRange     '1.1.2',
24 silly addNameRange     '1.2.0',
24 silly addNameRange     '1.2.1',
24 silly addNameRange     '1.2.2',
24 silly addNameRange     '1.2.3',
24 silly addNameRange     '1.2.4',
24 silly addNameRange     '1.2.5',
24 silly addNameRange     '1.2.6',
24 silly addNameRange     '1.2.7',
24 silly addNameRange     '1.2.8',
24 silly addNameRange     '1.3.0',
24 silly addNameRange     '1.3.1',
24 silly addNameRange     '1.3.2',
24 silly addNameRange     '1.3.3',
24 silly addNameRange     '1.3.4',
24 silly addNameRange     '1.3.5',
24 silly addNameRange     '1.3.6',
24 silly addNameRange     '1.3.7',
24 silly addNameRange     '1.3.8',
24 silly addNameRange     '1.3.9',
24 silly addNameRange     '1.3.10',
24 silly addNameRange     '1.3.11',
24 silly addNameRange     '1.3.12',
24 silly addNameRange     '1.4.0',
24 silly addNameRange     '1.4.1',
24 silly addNameRange     '1.5.0',
24 silly addNameRange     '1.5.1',
24 silly addNameRange     '1.5.2',
24 silly addNameRange     '1.5.3',
24 silly addNameRange     '1.6.2',
24 silly addNameRange     '1.6.3',
24 silly addNameRange     '1.6.4',
24 silly addNameRange     '1.6.5',
24 silly addNameRange     '1.5.4',
24 silly addNameRange     '1.4.2',
24 silly addNameRange     '1.6.6',
24 silly addNameRange     '1.6.7',
24 silly addNameRange     '1.6.8',
24 silly addNameRange     '1.6.9',
24 silly addNameRange     '1.7.0',
24 silly addNameRange     '1.7.1',
24 silly addNameRange     '1.7.2',
24 silly addNameRange     '1.7.5',
24 silly addNameRange     '1.7.6',
24 silly addNameRange     '1.7.7' ] ]
25 verbose addNamed [ 'bower', '1.7.7' ]
26 verbose addNamed [ '1.7.7', '1.7.7' ]
27 silly lockFile 8acd7280-bower-1-7-7 bower@1.7.7
28 verbose lock bower@1.7.7 /Users/mak/.npm/8acd7280-bower-1-7-7.lock
29 silly lockFile df5960c3--npmjs-org-bower-bower-1-7-7-tgz https://registry.npmjs.org/bower/-/bower-1.7.7.tgz
30 verbose lock https://registry.npmjs.org/bower/-/bower-1.7.7.tgz /Users/mak/.npm/df5960c3--npmjs-org-bower-bower-1-7-7-tgz.lock
31 verbose addRemoteTarball [ 'https://registry.npmjs.org/bower/-/bower-1.7.7.tgz',
31 verbose addRemoteTarball   '2fd7ff3ebdcba5a8ffcd84c397c8fdfe9f825f92' ]
32 info retry fetch attempt 1 at 16:10:27
33 verbose fetch to= /var/folders/cf/lw35qt4d4nvd563_5t96xs7c0000gn/T/npm-991-3CR0gjYx/registry.npmjs.org/bower/-/bower-1.7.7.tgz
34 http GET https://registry.npmjs.org/bower/-/bower-1.7.7.tgz
35 http 200 https://registry.npmjs.org/bower/-/bower-1.7.7.tgz
36 silly lockFile df5960c3--npmjs-org-bower-bower-1-7-7-tgz https://registry.npmjs.org/bower/-/bower-1.7.7.tgz
37 silly lockFile df5960c3--npmjs-org-bower-bower-1-7-7-tgz https://registry.npmjs.org/bower/-/bower-1.7.7.tgz
38 silly lockFile 8acd7280-bower-1-7-7 bower@1.7.7
39 silly lockFile 8acd7280-bower-1-7-7 bower@1.7.7
40 silly lockFile 1240aab1-bower bower@
41 silly lockFile 1240aab1-bower bower@
42 silly resolved [ { name: 'bower',
42 silly resolved     version: '1.7.7',
42 silly resolved     description: 'The browser package manager',
42 silly resolved     author: { name: 'Twitter' },
42 silly resolved     license: 'MIT',
42 silly resolved     repository: { type: 'git', url: 'git+https://github.com/bower/bower.git' },
42 silly resolved     main: 'lib',
42 silly resolved     bin: { bower: 'bin/bower' },
42 silly resolved     homepage: 'http://bower.io',
42 silly resolved     engines: { node: '>=0.10.0' },
42 silly resolved     keywords: [ 'bower' ],
42 silly resolved     files: [ 'bin', 'lib' ],
42 silly resolved     bugs: { url: 'https://github.com/bower/bower/issues' },
42 silly resolved     _id: 'bower@1.7.7',
42 silly resolved     scripts: {},
42 silly resolved     _shasum: '2fd7ff3ebdcba5a8ffcd84c397c8fdfe9f825f92',
42 silly resolved     _from: 'bower@',
42 silly resolved     _npmVersion: '3.5.3',
42 silly resolved     _nodeVersion: '4.1.1',
42 silly resolved     _npmUser: { name: 'sheerun', email: 'sheerun@sher.pl' },
42 silly resolved     dist:
42 silly resolved      { shasum: '2fd7ff3ebdcba5a8ffcd84c397c8fdfe9f825f92',
42 silly resolved        tarball: 'http://registry.npmjs.org/bower/-/bower-1.7.7.tgz' },
42 silly resolved     maintainers:
42 silly resolved      [ [Object],
42 silly resolved        [Object],
42 silly resolved        [Object],
42 silly resolved        [Object],
42 silly resolved        [Object],
42 silly resolved        [Object],
42 silly resolved        [Object] ],
42 silly resolved     directories: {},
42 silly resolved     _resolved: 'https://registry.npmjs.org/bower/-/bower-1.7.7.tgz' } ]
43 info install bower@1.7.7 into /usr/local/lib
44 info installOne bower@1.7.7
45 info /usr/local/lib/node_modules/bower unbuild
46 verbose tar unpack /Users/mak/.npm/bower/1.7.7/package.tgz
47 silly lockFile 1396471b-usr-local-lib-node-modules-bower tar:///usr/local/lib/node_modules/bower
48 verbose lock tar:///usr/local/lib/node_modules/bower /Users/mak/.npm/1396471b-usr-local-lib-node-modules-bower.lock
49 silly lockFile 263d7c88--mak-npm-bower-1-7-7-package-tgz tar:///Users/mak/.npm/bower/1.7.7/package.tgz
50 verbose lock tar:///Users/mak/.npm/bower/1.7.7/package.tgz /Users/mak/.npm/263d7c88--mak-npm-bower-1-7-7-package-tgz.lock
51 silly gunzTarPerm modes [ '755', '644' ]
52 error Error: EACCES, mkdir '/usr/local/lib/node_modules/bower'
52 error  { [Error: EACCES, mkdir '/usr/local/lib/node_modules/bower']
52 error   errno: 3,
52 error   code: 'EACCES',
52 error   path: '/usr/local/lib/node_modules/bower',
52 error   fstream_type: 'Directory',
52 error   fstream_path: '/usr/local/lib/node_modules/bower',
52 error   fstream_class: 'DirWriter',
52 error   fstream_stack:
52 error    [ '/usr/local/lib/node_modules/npm/node_modules/fstream/lib/dir-writer.js:36:23',
52 error      '/usr/local/lib/node_modules/npm/node_modules/mkdirp/index.js:37:53',
52 error      'Object.oncomplete (fs.js:107:15)' ] }
53 error Please try running this command again as root/Administrator.
54 error System Darwin 13.3.0
55 error command "node" "/usr/local/bin/npm" "install" "-g" "bower"
56 error cwd /Users/mak/Code/test/result
57 error node -v v0.10.29
58 error npm -v 1.4.14
59 error path /usr/local/lib/node_modules/bower
60 error fstream_path /usr/local/lib/node_modules/bower
61 error fstream_type Directory
62 error fstream_class DirWriter
63 error code EACCES
64 error errno 3
65 error stack Error: EACCES, mkdir '/usr/local/lib/node_modules/bower'
66 error fstream_stack /usr/local/lib/node_modules/npm/node_modules/fstream/lib/dir-writer.js:36:23
66 error fstream_stack /usr/local/lib/node_modules/npm/node_modules/mkdirp/index.js:37:53
66 error fstream_stack Object.oncomplete (fs.js:107:15)
67 verbose exit [ 3, true ]
